[2025-12-16 20:21:07.641] [APP] [info] Welcome to spdlog!
[2025-12-16 20:21:07.644] [APP] [info] Some error message with arg: 1
[2025-12-16 20:21:07.645] [APP] [info] Easy padding in numbers like 00000012
[2025-12-16 20:21:07.645] [APP] [info] Support for int: 42;  hex: 2a;  oct: 52; bin: 101010
[2025-12-16 20:21:07.646] [APP] [info] Support for floats 1.23
[2025-12-16 20:21:07.646] [APP] [info] Positional args are supported too..
[2025-12-16 20:21:07.646] [APP] [info] left aligned                  
[2025-12-16 20:27:19.657] [APP] [info] Welcome to spdlog!
[2025-12-16 20:27:19.657] [APP] [info] Some error message with arg: 1
[2025-12-16 20:27:19.659] [APP] [info] Easy padding in numbers like 00000012
[2025-12-16 20:27:19.659] [APP] [info] Support for int: 42;  hex: 2a;  oct: 52; bin: 101010
[2025-12-16 20:27:19.660] [APP] [info] Support for floats 1.23
[2025-12-16 20:27:19.671] [APP] [info] Positional args are supported too..
[2025-12-16 20:27:19.674] [APP] [info] left aligned                  
[2025-12-16 20:38:14.718] [ENGINE] [info] Welcome to spdlog!
[2025-12-16 20:38:14.720] [ENGINE] [info] Some error message with arg: 1
[2025-12-16 20:38:14.721] [ENGINE] [info] Easy padding in numbers like 00000012
[2025-12-16 20:38:14.724] [ENGINE] [info] Support for int: 42;  hex: 2a;  oct: 52; bin: 101010
[2025-12-16 20:38:14.724] [ENGINE] [info] Support for floats 1.23
[2025-12-16 20:38:14.727] [ENGINE] [info] Positional args are supported too..
[2025-12-16 20:38:14.735] [ENGINE] [info] left aligned                  
[2025-12-16 20:45:06.187] [ENGINE] [info] Welcome to spdlog!
[2025-12-16 20:45:06.188] [ENGINE] [warning] Some error message with arg: 1
[2025-12-16 20:45:06.188] [ENGINE] [error] Easy padding in numbers like 00000012
[2025-12-16 20:45:06.188] [ENGINE] [critical] Support for int: 42;  hex: 2a;  oct: 52; bin: 101010
[2025-12-16 20:45:06.189] [ENGINE] [info] Support for floats 1.23
[2025-12-16 20:45:06.190] [ENGINE] [info] Positional args are supported too..
[2025-12-16 20:45:06.190] [ENGINE] [info] left aligned                  
[2025-12-16 20:45:06.190] [APP] [info] Welcome to spdlog!
[2025-12-16 20:45:06.190] [APP] [info] Some error message with arg: 1
[2025-12-16 20:45:06.190] [APP] [info] Easy padding in numbers like 00000012
[2025-12-16 20:45:06.191] [APP] [info] Support for int: 42;  hex: 2a;  oct: 52; bin: 101010
[2025-12-16 20:45:06.191] [APP] [warning] Support for floats 1.23
[2025-12-16 20:45:06.191] [APP] [error] Positional args are supported too..
[2025-12-16 20:45:06.191] [APP] [critical] left aligned                  
[2025-12-16 20:52:38.825] [ENGINE] [info] Welcome to spdlog!
[2025-12-16 20:52:38.827] [ENGINE] [warning] Some error message with arg: 1
[2025-12-16 20:52:38.827] [ENGINE] [error] Easy padding in numbers like 00000012
[2025-12-16 20:52:38.828] [ENGINE] [critical] Support for int: 42;  hex: 2a;  oct: 52; bin: 101010
[2025-12-16 20:52:38.875] [ENGINE] [info] Support for floats 1.23
[2025-12-16 20:52:38.875] [ENGINE] [info] Positional args are supported too..
[2025-12-16 20:52:38.876] [ENGINE] [info] left aligned                  
[2025-12-16 20:52:38.876] [APP] [info] Welcome to spdlog!
[2025-12-16 20:52:38.876] [APP] [info] Some error message with arg: 1
[2025-12-16 20:52:38.877] [APP] [info] Easy padding in numbers like 00000012
[2025-12-16 20:52:38.878] [APP] [info] Support for int: 42;  hex: 2a;  oct: 52; bin: 101010
[2025-12-16 20:52:38.878] [APP] [warning] Support for floats 1.23
[2025-12-16 20:52:38.878] [APP] [error] Positional args are supported too..
[2025-12-16 20:52:38.878] [APP] [critical] left aligned                  
[2025-12-16 21:03:16.153] [ENGINE] [info] Welcome to spdlog!
[2025-12-16 21:03:16.154] [ENGINE] [warning] Some error message with arg: 1
[2025-12-16 21:03:16.154] [ENGINE] [error] Easy padding in numbers like 00000012
[2025-12-16 21:03:16.155] [ENGINE] [critical] Support for int: 42;  hex: 2a;  oct: 52; bin: 101010
[2025-12-16 21:03:16.156] [ENGINE] [info] Support for floats 1.23
[2025-12-16 21:03:16.157] [ENGINE] [info] Positional args are supported too..
[2025-12-16 21:03:16.157] [ENGINE] [info] left aligned                  
[2025-12-16 21:03:16.157] [APP] [info] Welcome to spdlog!
[2025-12-16 21:03:16.157] [APP] [info] Some error message with arg: 1
[2025-12-16 21:03:16.157] [APP] [info] Easy padding in numbers like 00000012
[2025-12-16 21:03:16.158] [APP] [info] Support for int: 42;  hex: 2a;  oct: 52; bin: 101010
[2025-12-16 21:03:16.159] [APP] [warning] Support for floats 1.23
[2025-12-16 21:03:16.160] [APP] [error] Positional args are supported too..
[2025-12-16 21:03:16.160] [APP] [critical] left aligned                  
[2025-12-16 21:05:32.428] [ENGINE] [critical] ASSERT/VERIFY FAILED: (ptr != nullptr) ptr must not be null
[2025-12-16 21:05:32.429] [ENGINE] [critical]   at C:\dev\RM-Engine\RM-Engine\src\Engine\Application.cpp:33 in void __cdecl rm::Application::Run(void)
